-1.6
-encoding
UTF-8
-classpath
C:\Workspace\Development\java\localrepo\io\netty\netty\3.6.3.Final\netty-3.6.3.Final.jar;C:\Workspace\Development\java\localrepo\log4j\log4j\1.2.15\log4j-1.2.15.jar;C:\Workspace\Development\java\localrepo\org\springframework\spring-context\3.2.1.RELEASE\spring-context-3.2.1.RELEASE.jar;C:\Workspace\Development\java\localrepo\org\springframework\spring-aspects\3.2.1.RELEASE\spring-aspects-3.2.1.RELEASE.jar;C:\Workspace\Development\java\localrepo\org\springframework\spring-tx\3.2.1.RELEASE\spring-tx-3.2.1.RELEASE.jar;C:\Workspace\Development\java\localrepo\javax\persistence\persistence-api\1.0.2\persistence-api-1.0.2.jar;C:\Workspace\Development\java\localrepo\org\aspectj\aspectjrt\1.7.1\aspectjrt-1.7.1.jar;C:\Workspace\Development\java\localrepo\org\springframework\spring-beans\3.2.1.RELEASE\spring-beans-3.2.1.RELEASE.jar;C:\Workspace\Development\java\localrepo\org\springframework\spring-core\3.2.1.RELEASE\spring-core-3.2.1.RELEASE.jar;C:\Workspace\Development\java\localrepo\commons-logging\commons-logging\1.1.1\commons-logging-1.1.1.jar;C:\Workspace\Development\java\localrepo\org\springframework\spring-aop\3.2.1.RELEASE\spring-aop-3.2.1.RELEASE.jar;C:\Workspace\Development\java\localrepo\aopalliance\aopalliance\1.0\aopalliance-1.0.jar;C:\Workspace\Development\java\localrepo\org\springframework\spring-expression\3.2.1.RELEASE\spring-expression-3.2.1.RELEASE.jar;C:\Workspace\Development\java\localrepo\org\aspectj\aspectjweaver\1.7.1\aspectjweaver-1.7.1.jar;C:\Workspace\Development\java\localrepo\org\springframework\spring-context-support\3.2.1.RELEASE\spring-context-support-3.2.1.RELEASE.jar;C:\Workspace\Development\elasterix\elasterix\sip\target\classes
-aspectpath
C:\Workspace\Development\java\localrepo\org\springframework\spring-aspects\3.2.1.RELEASE\spring-aspects-3.2.1.RELEASE.jar
-d
C:\Workspace\Development\elasterix\elasterix\sip\target\classes
C:\Workspace\Development\elasterix\elasterix\sip\src\main\java\org\elasterix\sip\client\package-info.java
C:\Workspace\Development\elasterix\elasterix\sip\src\main\java\org\elasterix\sip\client\SipClient.java
C:\Workspace\Development\elasterix\elasterix\sip\src\main\java\org\elasterix\sip\client\SipClientCodec.java
C:\Workspace\Development\elasterix\elasterix\sip\src\main\java\org\elasterix\sip\client\SipClientHandler.java
C:\Workspace\Development\elasterix\elasterix\sip\src\main\java\org\elasterix\sip\client\SipClientPipelineFactory.java
C:\Workspace\Development\elasterix\elasterix\sip\src\main\java\org\elasterix\sip\codec\package-info.java
C:\Workspace\Development\elasterix\elasterix\sip\src\main\java\org\elasterix\sip\codec\SipCodecUtil.java
C:\Workspace\Development\elasterix\elasterix\sip\src\main\java\org\elasterix\sip\codec\SipHeaders.java
C:\Workspace\Development\elasterix\elasterix\sip\src\main\java\org\elasterix\sip\codec\SipMessage.java
C:\Workspace\Development\elasterix\elasterix\sip\src\main\java\org\elasterix\sip\codec\SipMessageDecoder.java
C:\Workspace\Development\elasterix\elasterix\sip\src\main\java\org\elasterix\sip\codec\SipMessageEncoder.java
C:\Workspace\Development\elasterix\elasterix\sip\src\main\java\org\elasterix\sip\codec\SipMessageImpl.java
C:\Workspace\Development\elasterix\elasterix\sip\src\main\java\org\elasterix\sip\codec\SipMethod.java
C:\Workspace\Development\elasterix\elasterix\sip\src\main\java\org\elasterix\sip\codec\SipRequest.java
C:\Workspace\Development\elasterix\elasterix\sip\src\main\java\org\elasterix\sip\codec\SipRequestDecoder.java
C:\Workspace\Development\elasterix\elasterix\sip\src\main\java\org\elasterix\sip\codec\SipRequestEncoder.java
C:\Workspace\Development\elasterix\elasterix\sip\src\main\java\org\elasterix\sip\codec\SipRequestImpl.java
C:\Workspace\Development\elasterix\elasterix\sip\src\main\java\org\elasterix\sip\codec\SipResponse.java
C:\Workspace\Development\elasterix\elasterix\sip\src\main\java\org\elasterix\sip\codec\SipResponseDecoder.java
C:\Workspace\Development\elasterix\elasterix\sip\src\main\java\org\elasterix\sip\codec\SipResponseEncoder.java
C:\Workspace\Development\elasterix\elasterix\sip\src\main\java\org\elasterix\sip\codec\SipResponseImpl.java
C:\Workspace\Development\elasterix\elasterix\sip\src\main\java\org\elasterix\sip\codec\SipResponseStatus.java
C:\Workspace\Development\elasterix\elasterix\sip\src\main\java\org\elasterix\sip\codec\SipVersion.java
C:\Workspace\Development\elasterix\elasterix\sip\src\main\java\org\elasterix\sip\package-info.java
C:\Workspace\Development\elasterix\elasterix\sip\src\main\java\org\elasterix\sip\SipServer.java
C:\Workspace\Development\elasterix\elasterix\sip\src\main\java\org\elasterix\sip\SipServerCodec.java
C:\Workspace\Development\elasterix\elasterix\sip\src\main\java\org\elasterix\sip\SipServerHandler.java
C:\Workspace\Development\elasterix\elasterix\sip\src\main\java\org\elasterix\sip\SipServerPipelineFactory.java
C:\Workspace\Development\elasterix\elasterix\sip\src\main\java\org\elasterix\sip\ssl\DummySecureKeyStore.java
C:\Workspace\Development\elasterix\elasterix\sip\src\main\java\org\elasterix\sip\ssl\DummySecureSslContextFactory.java
C:\Workspace\Development\elasterix\elasterix\sip\src\main\java\org\elasterix\sip\ssl\DummySecureTrustManagerFactory.java
C:\Workspace\Development\elasterix\elasterix\sip\src\main\java\org\elasterix\sip\ssl\package-info.java
